<?xml version="1.0" encoding="UTF-8"?>
<!-- Generated by org.testng.reporters.JUnitXMLReporter -->
<testsuite ignored="0" hostname="Shivanagayya" failures="0" tests="4" name="Test" time="18.587" errors="0" timestamp="2023-10-25T11:58:34 IST">
  <testcase classname="testautomation.apitesting.tests.PostAPIRequestPojoMethods" name="PostAPIRequest" time="9.578"/>
  <testcase classname="testautomation.apitesting.tests.PostAPIRequestUsingTextFile" name="postAPIRequest" time="3.57"/>
  <testcase classname="testautomation.apitesting.tests.PostAPIRequest" name="createBooking" time="3.48"/>
  <testcase classname="testautomation.apitesting.tests.GetAPIRequest" name="getAllbookings" time="1.887"/>
</testsuite> <!-- Test -->
