<?xml version="1.0" encoding="UTF-8"?>
<!-- Generated by org.testng.reporters.JUnitXMLReporter -->
<testsuite ignored="0" hostname="Shivanagayya" failures="0" tests="4" name="Test" time="17.021" errors="0" timestamp="2023-10-25T12:25:58 IST">
  <testcase classname="testautomation.apitesting.tests.PostAPIRequestPojoMethods" name="PostAPIRequest" time="8.322"/>
  <testcase classname="testautomation.apitesting.tests.PostAPIRequestUsingTextFile" name="postAPIRequest" time="4.011"/>
  <testcase classname="testautomation.apitesting.tests.PostAPIRequest" name="createBooking" time="3.035"/>
  <testcase classname="testautomation.apitesting.tests.GetAPIRequest" name="getAllbookings" time="1.57"/>
</testsuite> <!-- Test -->
