<?xml version="1.0" encoding="UTF-8"?>
<testng-results ignored="0" total="4" passed="4" failed="0" skipped="0">
  <reporter-output>
  </reporter-output>
  <suite started-at="2023-10-25T12:25:41 IST" name="Suite" finished-at="2023-10-25T12:25:58 IST" duration-ms="17021">
    <groups>
    </groups>
    <test started-at="2023-10-25T12:25:41 IST" name="Test" finished-at="2023-10-25T12:25:58 IST" duration-ms="17021">
      <class name="testautomation.apitesting.tests.PostAPIRequest">
        <test-method signature="createBooking()[pri:0, instance:testautomation.apitesting.tests.PostAPIRequest@63021689]" started-at="2023-10-25T12:25:53 IST" name="createBooking" finished-at="2023-10-25T12:25:56 IST" duration-ms="3035" status="PASS">
          <reporter-output>
          </reporter-output>
        </test-method> <!-- createBooking -->
      </class> <!-- testautomation.apitesting.tests.PostAPIRequest -->
      <class name="testautomation.apitesting.tests.PostAPIRequestPojoMethods">
        <test-method signature="PostAPIRequest()[pri:0, instance:testautomation.apitesting.tests.PostAPIRequestPojoMethods@49d904ec]" started-at="2023-10-25T12:25:41 IST" name="PostAPIRequest" finished-at="2023-10-25T12:25:49 IST" duration-ms="8322" status="PASS">
          <reporter-output>
          </reporter-output>
        </test-method> <!-- PostAPIRequest -->
      </class> <!-- testautomation.apitesting.tests.PostAPIRequestPojoMethods -->
      <class name="testautomation.apitesting.tests.PostAPIRequestUsingTextFile">
        <test-method signature="postAPIRequest()[pri:0, instance:testautomation.apitesting.tests.PostAPIRequestUsingTextFile@470f1802]" started-at="2023-10-25T12:25:49 IST" name="postAPIRequest" finished-at="2023-10-25T12:25:53 IST" duration-ms="4011" status="PASS">
          <reporter-output>
          </reporter-output>
        </test-method> <!-- postAPIRequest -->
      </class> <!-- testautomation.apitesting.tests.PostAPIRequestUsingTextFile -->
      <class name="testautomation.apitesting.tests.GetAPIRequest">
        <test-method signature="getAllbookings()[pri:0, instance:testautomation.apitesting.tests.GetAPIRequest@703580bf]" started-at="2023-10-25T12:25:56 IST" name="getAllbookings" finished-at="2023-10-25T12:25:58 IST" duration-ms="1570" status="PASS">
          <reporter-output>
          </reporter-output>
        </test-method> <!-- getAllbookings -->
      </class> <!-- testautomation.apitesting.tests.GetAPIRequest -->
    </test> <!-- Test -->
  </suite> <!-- Suite -->
</testng-results>
