<?xml version="1.0" encoding="UTF-8"?>
<testng-results ignored="0" total="4" passed="4" failed="0" skipped="0">
  <reporter-output>
  </reporter-output>
  <suite started-at="2023-10-25T11:58:15 IST" name="Suite" finished-at="2023-10-25T11:58:34 IST" duration-ms="18587">
    <groups>
    </groups>
    <test started-at="2023-10-25T11:58:15 IST" name="Test" finished-at="2023-10-25T11:58:34 IST" duration-ms="18587">
      <class name="testautomation.apitesting.tests.PostAPIRequest">
        <test-method signature="createBooking()[pri:0, instance:testautomation.apitesting.tests.PostAPIRequest@618425b5]" started-at="2023-10-25T11:58:29 IST" name="createBooking" finished-at="2023-10-25T11:58:32 IST" duration-ms="3480" status="PASS">
          <reporter-output>
          </reporter-output>
        </test-method> <!-- createBooking -->
      </class> <!-- testautomation.apitesting.tests.PostAPIRequest -->
      <class name="testautomation.apitesting.tests.PostAPIRequestPojoMethods">
        <test-method signature="PostAPIRequest()[pri:0, instance:testautomation.apitesting.tests.PostAPIRequestPojoMethods@4d0f2471]" started-at="2023-10-25T11:58:15 IST" name="PostAPIRequest" finished-at="2023-10-25T11:58:25 IST" duration-ms="9578" status="PASS">
          <reporter-output>
          </reporter-output>
        </test-method> <!-- PostAPIRequest -->
      </class> <!-- testautomation.apitesting.tests.PostAPIRequestPojoMethods -->
      <class name="testautomation.apitesting.tests.PostAPIRequestUsingTextFile">
        <test-method signature="postAPIRequest()[pri:0, instance:testautomation.apitesting.tests.PostAPIRequestUsingTextFile@18d87d80]" started-at="2023-10-25T11:58:25 IST" name="postAPIRequest" finished-at="2023-10-25T11:58:29 IST" duration-ms="3570" status="PASS">
          <reporter-output>
          </reporter-output>
        </test-method> <!-- postAPIRequest -->
      </class> <!-- testautomation.apitesting.tests.PostAPIRequestUsingTextFile -->
      <class name="testautomation.apitesting.tests.GetAPIRequest">
        <test-method signature="getAllbookings()[pri:0, instance:testautomation.apitesting.tests.GetAPIRequest@58695725]" started-at="2023-10-25T11:58:32 IST" name="getAllbookings" finished-at="2023-10-25T11:58:34 IST" duration-ms="1887" status="PASS">
          <reporter-output>
          </reporter-output>
        </test-method> <!-- getAllbookings -->
      </class> <!-- testautomation.apitesting.tests.GetAPIRequest -->
    </test> <!-- Test -->
  </suite> <!-- Suite -->
</testng-results>
